1644078024516	geckodriver	INFO	Listening on 127.0.0.1:57778
1644078027588	mozrunner::runner	INFO	Running command: "C:\\Program Files\\Mozilla Firefox\\firefox.exe" "--marionette" "--remote-debugging-port" "57779" "-no-remote" "-profile" "C:\\Users\\holti\\AppData\\Local\\Temp\\rust_mozprofileDUw0D8"
1644078028031	Marionette	INFO	Marionette enabled
console.warn: SearchSettings: "get: No settings file exists, new profile?" (new NotFoundError("Could not open the file at C:\\Users\\holti\\AppData\\Local\\Temp\\rust_mozprofileDUw0D8\\search.json.mozlz4", (void 0)))
DevTools listening on ws://localhost:57779/devtools/browser/649aceed-fbf9-49fd-84ab-31be687bbfca
1644078030830	Marionette	INFO	Listening on port 57784
1644078031299	RemoteAgent	WARN	TLS certificate errors will be ignored for this session
console.warn: LoginRecipes: "getRecipes: falling back to a synchronous message for:" "https://login.live.com"
console.warn: LoginRecipes: "getRecipes: falling back to a synchronous message for:" "https://login.live.com"
console.warn: LoginRecipes: "getRecipes: falling back to a synchronous message for:" "https://login.live.com"
console.warn: LoginRecipes: "getRecipes: falling back to a synchronous message for:" "https://login.live.com"
console.warn: LoginRecipes: "getRecipes: falling back to a synchronous message for:" "https://login.live.com"
JavaScript error: resource://gre/modules/LoginManagerParent.jsm, line 136: TypeError: gRecipeManager is null
console.warn: LoginRecipes: "getRecipes: falling back to a synchronous message for:" "https://login.live.com"
JavaScript error: resource://gre/modules/LoginManagerParent.jsm, line 136: TypeError: gRecipeManager is null
1644078047817	Marionette	INFO	Stopped listening on port 57784
console.warn: TopSitesFeed: Failed to fetch data from Contile server: NetworkError when attempting to fetch resource.

###!!! [Parent][RunMessage] Error: Channel closing: too late to send/recv, messages will be lost

1644078475482	geckodriver	INFO	Listening on 127.0.0.1:59758
1644078478543	mozrunner::runner	INFO	Running command: "C:\\Program Files\\Mozilla Firefox\\firefox.exe" "--marionette" "--remote-debugging-port" "59759" "-no-remote" "-profile" "C:\\Users\\holti\\AppData\\Local\\Temp\\rust_mozprofilemmNNlG"
1644078478977	Marionette	INFO	Marionette enabled
console.warn: SearchSettings: "get: No settings file exists, new profile?" (new NotFoundError("Could not open the file at C:\\Users\\holti\\AppData\\Local\\Temp\\rust_mozprofilemmNNlG\\search.json.mozlz4", (void 0)))
DevTools listening on ws://localhost:59759/devtools/browser/14e9b106-a452-49bb-a6fc-d72268c1031f
1644078481824	Marionette	INFO	Listening on port 59764
1644078482235	RemoteAgent	WARN	TLS certificate errors will be ignored for this session
1644078541297	Marionette	INFO	Stopped listening on port 59764
console.warn: TopSitesFeed: Failed to fetch data from Contile server: NetworkError when attempting to fetch resource.
JavaScript error: chrome://remote/content/marionette/cert.js, line 55: NS_ERROR_NOT_AVAILABLE: Component returned failure code: 0x80040111 (NS_ERROR_NOT_AVAILABLE) [nsICertOverrideService.setDisableAllSecurityChecksAndLetAttackersInterceptMyData]
 NotFoundError("Could not open the file at C:\\Users\\holti\\AppData\\Local\\Temp\\rust_mozprofileIYWssn\\search.json.mozlz4", (void 0)))
DevTools listening on ws://localhost:59782/devtools/browser/1ad60031-3829-4ca2-8a50-074a31322481
1644078488523	Marionette	INFO	Listening on port 59805
1644078489017	RemoteAgent	WARN	TLS certificate errors will be ignored for this session
1644078539618	Marionette	INFO	Stopped listening on port 59805
console.warn: TopSitesFeed: Failed to fetch data from Contile server: NetworkError when attempting to fetch resource.
JavaScript error: chrome://remote/content/marionette/cert.js, line 55: NS_ERROR_NOT_AVAILABLE: Component returned failure code: 0x80040111 (NS_ERROR_NOT_AVAILABLE) [nsICertOverrideService.setDisableAllSecurityChecksAndLetAttackersInterceptMyData]
1644081801866	geckodriver	INFO	Listening on 127.0.0.1:63199
1644081804937	mozrunner::runner	INFO	Running command: "C:\\Program Files\\Mozilla Firefox\\firefox.exe" "--marionette" "--remote-debugging-port" "63200" "-no-remote" "-profile" "C:\\Users\\holti\\AppData\\Local\\Temp\\rust_mozprofileIjfLMH"
1644081805398	Marionette	INFO	Marionette enabled
console.warn: SearchSettings: "get: No settings file exists, new profile?" (new NotFoundError("Could not open the file at C:\\Users\\holti\\AppData\\Local\\Temp\\rust_mozprofileIjfLMH\\search.json.mozlz4", (void 0)))
console.error: Region.jsm: "Error fetching region" (new TypeError("NetworkError when attempting to fetch resource.", ""))
console.error: Region.jsm: "Failed to fetch region" (new Error("NO_RESULT", "resource://gre/modules/Region.jsm", 419))
console.warn: TopSitesFeed: Failed to fetch data from Contile server: NetworkError when attempting to fetch resource.
DevTools listening on ws://localhost:63200/devtools/browser/c0fdecac-2a69-4819-b4a2-3c5cc57ccac4
1644081808514	Marionette	INFO	Listening on port 63205
1644081808661	RemoteAgent	WARN	TLS certificate errors will be ignored for this session
1644081873255	Marionette	INFO	Stopped listening on port 63205
console.warn: TopSitesFeed: Failed to fetch data from Contile server: NetworkError when attempting to fetch resource.
remote-debugging-port" "63217" "-no-remote" "-profile" "C:\\Users\\holti\\AppData\\Local\\Temp\\rust_mozprofilehPJ63H"
1644081812160	Marionette	INFO	Marionette enabled
console.warn: SearchSettings: "get: No settings file exists, new profile?" (new NotFoundError("Could not open the file at C:\\Users\\holti\\AppData\\Local\\Temp\\rust_mozprofilehPJ63H\\search.json.mozlz4", (void 0)))
console.error: Region.jsm: "Error fetching region" (new TypeError("NetworkError when attempting to fetch resource.", ""))
console.error: Region.jsm: "Failed to fetch region" (new Error("NO_RESULT", "resource://gre/modules/Region.jsm", 419))
console.warn: TopSitesFeed: Failed to fetch data from Contile server: NetworkError when attempting to fetch resource.
DevTools listening on ws://localhost:63217/devtools/browser/afe7b6d3-b310-46f6-a409-30d1b8706ca7
1644081815063	Marionette	INFO	Listening on port 63222
1644081815445	RemoteAgent	WARN	TLS certificate errors will be ignored for this session
1644081871693	Marionette	INFO	Stopped listening on port 63222
console.warn: TopSitesFeed: Failed to fetch data from Contile server: NetworkError when attempting to fetch resource.

###!!! [Parent][RunMessage] Error: Channel closing: too late to send/recv, messages will be lost

1644081933153	geckodriver	INFO	Listening on 127.0.0.1:63625
1644081936193	mozrunner::runner	INFO	Running command: "C:\\Program Files\\Mozilla Firefox\\firefox.exe" "--marionette" "--remote-debugging-port" "63626" "-no-remote" "-profile" "C:\\Users\\holti\\AppData\\Local\\Temp\\rust_mozprofile0uQpSY"
1644081936726	Marionette	INFO	Marionette enabled
console.warn: SearchSettings: "get: No settings file exists, new profile?" (new NotFoundError("Could not open the file at C:\\Users\\holti\\AppData\\Local\\Temp\\rust_mozprofile0uQpSY\\search.json.mozlz4", (void 0)))
DevTools listening on ws://localhost:63626/devtools/browser/297b8bf2-72ae-4d90-9650-cddec11dd8ee
1644081939802	Marionette	INFO	Listening on port 63771
1644081939955	RemoteAgent	WARN	TLS certificate errors will be ignored for this session
console.warn: LoginRecipes: "getRecipes: falling back to a synchronous message for:" "https://login.live.com"
console.warn: LoginRecipes: "getRecipes: falling back to a synchronous message for:" "https://login.live.com"
console.warn: LoginRecipes: "getRecipes: falling back to a synchronous message for:" "https://login.live.com"
console.warn: LoginRecipes: "getRecipes: falling back to a synchronous message for:" "https://login.live.com"
console.warn: LoginRecipes: "getRecipes: falling back to a synchronous message for:" "https://login.live.com"
JavaScript error: resource://gre/modules/LoginManagerParent.jsm, line 136: TypeError: gRecipeManager is null
console.warn: LoginRecipes: "getRecipes: falling back to a synchronous message for:" "https://login.live.com"
JavaScript error: resource://gre/mconsole.warn: LoginRecipes: "getRecipes: falling back to a synchronous messaconsole.warn: LoginRecipes: "getRecipes: falling back to a synchronous message for:" "https://login.live.com"
JavaScript error: resource://gre/modules/LoginManagerParent.jsm, line 136: TypeError: gRecipeManager is null
console.warn: LoginRecipes: "getRecipes: falling back to a synchronous message for:" "https://login.live.com"
JavaScript error: resource://gre/modules/LoginManagerParent.jsm, line 136: TypeError: gRecipeManager is null
console.warn: LoginRecipes: "getRecipes: falling back to a synchronous message for:" "https://login.live.com"
JavaScript error: resource://gre/modules/LoginManagerParent.jsm, line 136: TypeError: gRecipeManager is null
console.warn: LoginRecipes: "getRecipes: falling back to a synchronous message for:" "https://login.live.com"
JavaScript error: resource://gre/modules/LoginManagerParent.jsm, line 136: TypeError: gRecipeManager is null
1644082014614	Marionette	INFO	Stopped listening on port 63771

###!!! [Child][MessageChannel] Error: (msgtype=0x6B0023,name=PNecko::Msg_RemoveRequestContext) Channel closing: too late to send/recv, messages will be lost

console.warn: TopSitesFeed: Failed to fetch data from Contile server: NetworkError when attempting to fetch resource.
gRecipeManager is null
console.warn: LoginRecipes: "getRecipes: falling back to a synchronous message for:" "https://login.live.com"
JavaScript error: resource://gre/modules/LoginManagerParent.jsm, line 136: TypeError: gRecipeManager is null
console.warn: LoginRecipes: "getRecipes: falling back to a synchronous message for:" "https://login.live.com"
JavaScript error: resource://gre/modules/LoginManagerParent.jsm, line 136: TypeError: gRecipeManager is null
1644082012681	Marionette	INFO	Stopped listening on port 63831
console.warn: TopSitesFeed: Failed to fetch data from Contile server: NetworkError when attempting to fetch resource.

###!!! [Parent][RunMessage] Error: Channel closing: too late to send/recv, messages will be lost

1644082018550	geckodriver	INFO	Listening on 127.0.0.1:64020
1644082021606	mozrunner::runner	INFO	Running command: "C:\\Program Files\\Mozilla Firefox\\firefox.exe" "--marionette" "--remote-debugging-port" "64021" "-no-remote" "-profile" "C:\\Users\\holti\\AppData\\Local\\Temp\\rust_mozprofilePPbyoL"
1644082022085	Marionette	INFO	Marionette enabled
console.warn: SearchSettings: "get: No settings file exists, new profile?" (new NotFoundError("Could not open the file at C:\\Users\\holti\\AppData\\Local\\Temp\\rust_mozprofilePPbyoL\\search.json.mozlz4", (void 0)))
DevTools listening on ws://localhost:64021/devtools/browser/87bf5451-f135-4794-9cc7-d0b0730a3cb5
1644082024747	Marionette	INFO	Listening on port 64026
1644082024802	RemoteAgent	WARN	TLS certificate errors will be ignored for this session
console.warn: LoginRecipes: "getRecipes: falling back to a synchronous message for:" "https://login.live.com"
console.warn: LoginRecipes: "getRecipes: falling back to a synchronous message for:" "https://login.live.com"
console.warn: LoginRecipes: "getRecipes: falling back to a synchronous message for:" "https://login.live.com"
console.warn: LoginRecipes: "getRecipes: falling back to a synchronous message for:" "https://login.live.com"
console.warn: LoginRecipes: "getRecipes: falling back to a synchronous message for:" "https://login.live.com"
JavaScript error: resource://gre/modules/LoginManagerParent.jsm, line 136: TypeError: gRecipeManager is null
console.warn: LoginRecipes: "getRecipes: falling back to a synchronous message for:" "https://login.live.com"
JavaScript error: resource://gre/mconsole.warn: LoginRecipes: "getRecipes: falling back to a synchronous messaconsole.warn: LoginRecipes: "getRecipes: falling back to a synchronous message for:" "https://login.microsoftonline.com"
JavaScript error: resource://gre/modules/LoginManagerParent.jsm, line 136: TypeError: gRecipeManager is null
console.warn: LoginRecipes: "getRecipes: falling back to a synchronous message for:" "https://login.microsoftonline.com"
JavaScript error: resource://gre/modules/LoginManagerParent.jsm, line 136: TypeError: gRecipeManager is null
1644082068389	Marionette	WARN	Ignoring event 'DOMContentLoaded' because document has an invalid readyState of 'complete'.
1644082085695	Marionette	INFO	Stopped listening on port 64026
console.warn: TopSitesFeed: Failed to fetch data from Contile server: NetworkError when attempting to fetch resource.

###!!! [Parent][RunMessage] Error: Channel closing: too late to send/recv, messages will be lost


console.warn: TopSitesFeed: Failed to fetch data from Contile server: NetworkError when attempting to fetch resource.
JavaScript error: resource://gre/modules/CrashManager.jsm, line 828: AbortError: IOUtils: Shutting down and refusing additional I/O tasks
1644082277209	geckodriver	INFO	Listening on 127.0.0.1:54623
1644082280289	mozrunner::runner	INFO	Running command: "C:\\Program Files\\Mozilla Firefox\\firefox.exe" "--marionette" "--remote-debugging-port" "54624" "-no-remote" "-profile" "C:\\Users\\holti\\AppData\\Local\\Temp\\rust_mozprofile842mOu"
1644082280788	Marionette	INFO	Marionette enabled
console.warn: SearchSettings: "get: No settings file exists, new profile?" (new NotFoundError("Could not open the file at C:\\Users\\holti\\AppData\\Local\\Temp\\rust_mozprofile842mOu\\search.json.mozlz4", (void 0)))
DevTools listening on ws://localhost:54624/devtools/browser/b0fae11f-0c71-47f3-9fd3-d7968d10ac70
1644082283800	Marionette	INFO	Listening on port 54629
1644082284056	RemoteAgent	WARN	TLS certificate errors will be ignored for this session
console.warn: LoginRecipes: "getRecipes: falling back to a synchronous message for:" "https://login.live.com"
console.warn: LoginRecipes: "getRecipes: falling back to a synchronous message for:" "https://login.live.com"
console.warn: LoginRecipes: "getRecipes: falling back to a synchronous message for:" "https://login.live.com"
console.warn: LoginRecipes: "getRecipes: falling back to a synchronous message for:" "https://login.live.com"
console.warn: LoginRecipes: "getRecipes: falling back to a synchronous message for:" "https://login.live.com"
JavaScript error: resource://gre/modules/LoginManagerParent.jsm, line 136: TypeError: gRecipeManager is null
console.warn: LoginRecipes: "getRecipes: falling back to a synchronous message for:" "https://login.live.com"
JavaScript error: resource://gre/mconsole.warn: LoginRecipes: "getRecipes: falling back to a synchronous message for:" "https://login.live.com"
console.warn: LoginRecipes: "getRecipes: falling back to a synchronous message for:" "https://login.live.com"
console.warn: LoginRecipes: "getRecipes: falling back to a synchronous message for:" "https://login.live.com"
console.warn: LoginRecipes: "getRecipes: falling back to a synchronous message for:" "https://login.live.com"
console.warn: LoginRecipes: "getRecipes: falling back to a synchronous message for:" "https://login.live.com"
JavaScript error: resource://gre/modules/LoginManagerParent.jsm, line 136: TypeError: gRecipeManager is null
console.warn: LoginRecipes: "getRecipes: falling back to a synchronous message for:" "https://login.live.com"
JavaScript error: resource://gre/modules/LoginManagerParent.jsm, line 136: TypeError: gRecipeManager is null
JavaScript error: resource://devtools/server/actors/network-monitor/network-event-actor.js, line 110: Error: Got a request https://logincdn.msauth.net/16.000/Converged_v21033_aaRUc92kCx1I0HSCbabz7g2.css without a browsingContextID set
JavaScript error: resource://gre/modules/AsyncShutdown.jsm, line 575: NotFoundError: No such JSWindowActor 'DevToolsFrame'
1644082556383	Marionette	INFO	Stopped listening on port 54681
console.warn: TopSitesFeed: Failed to fetch data from Contile server: NetworkError when attem1644082558642	Marionette	INFO	Stopped listening on port 54629
console.warn: TopSitesFeed: Failed to fetch data from Contile server: NetworkError when attempting to fetch resource.
1644082562853	geckodriver	INFO	Listening on 127.0.0.1:64393
1644082565935	mozrunner::runner	INFO	Running command: "C:\\Program Files\\Mozilla Firefox\\firefox.exe" "--marionette" "--remote-debugging-port" "64394" "-no-remote" "-profile" "C:\\Users\\holti\\AppData\\Local\\Temp\\rust_mozprofileeB9FRp"
1644082566686	Marionette	INFO	Marionette enabled
console.warn: SearchSettings: "get: No settings file exists, new profile?" (new NotFoundError("Could not open the file at C:\\Users\\holti\\AppData\\Local\\Temp\\rust_mozprofileeB9FRp\\search.json.mozlz4", (void 0)))
DevTools listening on ws://localhost:64394/devtools/browser/7947bd68-5a31-46cb-b6ce-9298efbb3381
1644082569899	Marionette	INFO	Listening on port 64399
1644082570185	RemoteAgent	WARN	TLS certificate errors will be ignored for this session
console.warn: LoginRecipes: "getRecipes: falling back to a synchronous message for:" "https://login.live.com"
console.warn: LoginRecipes: "getRecipes: falling back to a synchronous message for:" "https://login.live.com"
console.warn: LoginRecipes: "getRecipes: falling back to a synchronous message for:" "https://login.live.com"
console.warn: LoginRecipes: "getRecipes: falling back to a synchronous message for:" "https://login.live.com"
console.warn: LoginRecipes: "getRecipes: falling back to a synchronous message for:" "https://login.live.com"
JavaScript error: resource://gre/modules/LoginManagerParent.jsm, line 136: TypeError: gRecipeManager is null
console.warn: LoginRecipes: "getRecipes: falling back to a synchronous message for:" "https://login.live.com"
JavaScript error: resource://gre/mconsole.warn: LoginRecipes: "getRecipes: falling back to a synchronous message for:" "https://login.live.com"
console.warn: LoginRecipes: "getRecipes: falling back to a synchronous message for:" "https://login.live.com"
console.warn: LoginRecipes: "getRecipes: falling back to a synchronous message for:" "https://login.live.com"
console.warn: LoginRecipes: "getRecipes: falling back to a synchronous message for:" "https://login.live.com"
console.warn: LoginRecipes: "getRecipes: falling back to a synchronous message for:" "https://login.live.com"
JavaScript error: resource://gre/modules/LoginManagerParent.jsm, line 136: TypeError: gRecipeManager is null
console.warn: LoginRecipes: "getRecipes: falling back to a synchronous message for:" "https://login.live.com"
JavaScript error: resource://gre/modules/LoginManagerParent.jsm, line 136: TypeError: gRecipeManager is null
console.warn: LoginRecipes: "getRecipes: falling back to a synchronous message for:" "https://login.live.com"
JavaScript error: resource://gre/modules/LoginManagerParent.jsm, line 136: TypeError: gRecipeManager is null
console.warn: LoginRecipes: "getRecipes: falling back to a synchronous message for:" "https://login.live.com"
JavaScript error: resource://gre/modules/LoginManagerParent.jsm, line 136: TypeError: gRecipeManager is null
console.warn: LoginRecipes: "getRecipes: falling back to a synchronous mesconsole.warn: LoginRecipes: "getRecipes: falling back to a synchronous message for:" "https://login.microsoftonline.com"
JavaScript error: resource://gre/modules/LoginManagerParent.jsm, line 136: TypeError: gRecipeManager is null
console.warn: LoginRecipes: "getRecipes: falling back to a synchronous message for:" "https://login.microsoftonline.com"
JavaScript err1644082627990	Marionette	INFO	Stopped listening on port 64455
console.warn: TopSitesFeed: Failed to fetch data from Contile server: NetworkError when attempting to fetch resource.
JavaScript error: chrome://remote/con1644082630004	Marionette	INFO	Stopped listening on port 64399
console.warn: TopSitesFeed: Failed to fetch data from Contile server: NetworkError when attempting to fetch resource.

###!!! [Parent][RunMessage] Error: Channel closing: too late to send/recv, messages will be lost

cv, messages will be lost

